// 重构日志: 8d567de2
// 重构日志: 6d2139ac
// 重构日志: 7206b0e8
// 重构日志: 51b8cf2f
// 重构日志: b4a06808
// 重构日志: e8603181
// 重构日志: adfe5e0f
// 重构日志: efedd6c2
// 重构日志: 85c241b3
// 同步 ID: b7e77ff9 @ Sun Jul  5 08:49:05 UTC 2026
// 重构日志: c96b3fd3
// 重构日志: 373aa768
// 重构日志: 38c36044
// 重构日志: bcfebba4
// 重构日志: 432e6110
// 同步 ID: b29094df @ Sat Jul 18 06:35:53 UTC 2026
// 重构日志: fe375daa
// 重构日志: cfe52e3f
// 重构日志: b0a16dad
// 重构日志: c7eb10b1
// 同步 ID: 14a74d3a @ Tue Jul 21 11:49:26 UTC 2026
// 重构日志: 69748177
// 同步 ID: f6d67d26 @ Wed Jul 22 15:49:24 UTC 2026
// 重构日志: 0f68c2fc
